# JRE version: OpenJDK Runtime Environment (11.0.12+7) (build 11.0.12+7-b1504.28-7817840)
# Java VM: OpenJDK 64-Bit Server VM (11.0.12+7-b1504.28-7817840, mixed mode, tiered, compressed oops, g1 gc, windows-amd64)
Heap:
 garbage-first heap   total 287744K, used 126962K [0x0000000080000000, 0x0000000100000000)
  region size 1024K, 1 young (1024K), 1 survivors (1024K)
 Metaspace       used 154293K, capacity 158381K, committed 158668K, reserved 1187840K
  class space    used 19204K, capacity 20735K, committed 20736K, reserved 1048576K
GC Heap History (20 events):
Event: 941.542 GC heap after
{Heap after GC invocations=85 (full 0):
 garbage-first heap   total 194560K, used 120218K [0x0000000080000000, 0x0000000100000000)
  region size 1024K, 7 young (7168K), 7 survivors (7168K)
 Metaspace       used 148284K, capacity 152339K, committed 152652K, reserved 1181696K
  class space    used 18747K, capacity 20273K, committed 20352K, reserved 1048576K
}
Event: 941.562 GC heap before
{Heap before GC invocations=85 (full 0):
 garbage-first heap   total 194560K, used 124314K [0x0000000080000000, 0x0000000100000000)
  region size 1024K, 9 young (9216K), 7 survivors (7168K)
 Metaspace       used 148284K, capacity 152339K, committed 152652K, reserved 1181696K
  class space    used 18747K, capacity 20273K, committed 20352K, reserved 1048576K
}
Event: 941.576 GC heap after
{Heap after GC invocations=86 (full 0):
 garbage-first heap   total 194560K, used 122310K [0x0000000080000000, 0x0000000100000000)
  region size 1024K, 2 young (2048K), 2 survivors (2048K)
 Metaspace       used 148284K, capacity 152339K, committed 152652K, reserved 1181696K
  class space    used 18747K, capacity 20273K, committed 20352K, reserved 1048576K
}
Event: 942.027 GC heap before
{Heap before GC invocations=86 (full 0):
 garbage-first heap   total 194560K, used 160198K [0x0000000080000000, 0x0000000100000000)
  region size 1024K, 39 young (39936K), 2 survivors (2048K)
 Metaspace       used 148687K, capacity 152822K, committed 152908K, reserved 1181696K
  class space    used 18772K, capacity 20306K, committed 20352K, reserved 1048576K
}
Event: 942.044 GC heap after
{Heap after GC invocations=87 (full 0):
 garbage-first heap   total 194560K, used 133479K [0x0000000080000000, 0x0000000100000000)
  region size 1024K, 5 young (5120K), 5 survivors (5120K)
 Metaspace       used 148687K, capacity 152822K, committed 152908K, reserved 1181696K
  class space    used 18772K, capacity 20306K, committed 20352K, reserved 1048576K
}
Event: 942.764 GC heap before
{Heap before GC invocations=88 (full 0):
 garbage-first heap   total 194560K, used 168295K [0x0000000080000000, 0x0000000100000000)
  region size 1024K, 31 young (31744K), 5 survivors (5120K)
 Metaspace       used 148859K, capacity 152954K, committed 153164K, reserved 1181696K
  class space    used 18787K, capacity 20307K, committed 20352K, reserved 1048576K
}
Event: 942.784 GC heap after
{Heap after GC invocations=89 (full 0):
 garbage-first heap   total 194560K, used 137641K [0x0000000080000000, 0x0000000100000000)
  region size 1024K, 4 young (4096K), 4 survivors (4096K)
 Metaspace       used 148859K, capacity 152954K, committed 153164K, reserved 1181696K
  class space    used 18787K, capacity 20307K, committed 20352K, reserved 1048576K
}
Event: 942.872 GC heap before
{Heap before GC invocations=89 (full 0):
 garbage-first heap   total 194560K, used 142761K [0x0000000080000000, 0x0000000100000000)
  region size 1024K, 9 young (9216K), 4 survivors (4096K)
 Metaspace       used 148883K, capacity 153024K, committed 153164K, reserved 1181696K
  class space    used 18790K, capacity 20309K, committed 20352K, reserved 1048576K
}
Event: 942.885 GC heap after
{Heap after GC invocations=90 (full 0):
 garbage-first heap   total 194560K, used 139059K [0x0000000080000000, 0x0000000100000000)
  region size 1024K, 2 young (2048K), 2 survivors (2048K)
 Metaspace       used 148883K, capacity 153024K, committed 153164K, reserved 1181696K
  class space    used 18790K, capacity 20309K, committed 20352K, reserved 1048576K
}
Event: 942.947 GC heap before
{Heap before GC invocations=90 (full 0):
 garbage-first heap   total 194560K, used 142131K [0x0000000080000000, 0x0000000100000000)
  region size 1024K, 7 young (7168K), 2 survivors (2048K)
 Metaspace       used 148888K, capacity 153024K, committed 153164K, reserved 1181696K
  class space    used 18790K, capacity 20309K, committed 20352K, reserved 1048576K
}
Event: 942.957 GC heap after
{Heap after GC invocations=91 (full 0):
 garbage-first heap   total 194560K, used 142200K [0x0000000080000000, 0x0000000100000000)
  region size 1024K, 4 young (4096K), 4 survivors (4096K)
 Metaspace       used 148888K, capacity 153024K, committed 153164K, reserved 1181696K
  class space    used 18790K, capacity 20309K, committed 20352K, reserved 1048576K
}
Event: 943.109 GC heap before
{Heap before GC invocations=91 (full 0):
 garbage-first heap   total 194560K, used 172920K [0x0000000080000000, 0x0000000100000000)
  region size 1024K, 20 young (20480K), 4 survivors (4096K)
 Metaspace       used 149149K, capacity 153296K, committed 153420K, reserved 1181696K
  class space    used 18810K, capacity 20350K, committed 20352K, reserved 1048576K
}
Event: 943.122 GC heap after
{Heap after GC invocations=92 (full 0):
 garbage-first heap   total 239616K, used 144882K [0x0000000080000000, 0x0000000100000000)
  region size 1024K, 3 young (3072K), 3 survivors (3072K)
 Metaspace       used 149149K, capacity 153296K, committed 153420K, reserved 1181696K
  class space    used 18810K, capacity 20350K, committed 20352K, reserved 1048576K
}
Event: 943.700 GC heap before
{Heap before GC invocations=93 (full 0):
 garbage-first heap   total 239616K, used 178674K [0x0000000080000000, 0x0000000100000000)
  region size 1024K, 37 young (37888K), 3 survivors (3072K)
 Metaspace       used 152686K, capacity 156813K, committed 157132K, reserved 1185792K
  class space    used 19102K, capacity 20639K, committed 20736K, reserved 1048576K
}
Event: 943.712 GC heap after
{Heap after GC invocations=94 (full 0):
 garbage-first heap   total 239616K, used 149814K [0x0000000080000000, 0x0000000100000000)
  region size 1024K, 5 young (5120K), 5 survivors (5120K)
 Metaspace       used 152686K, capacity 156813K, committed 157132K, reserved 1185792K
  class space    used 19102K, capacity 20639K, committed 20736K, reserved 1048576K
}
Event: 944.058 GC heap before
{Heap before GC invocations=94 (full 0):
 garbage-first heap   total 239616K, used 184630K [0x0000000080000000, 0x0000000100000000)
  region size 1024K, 39 young (39936K), 5 survivors (5120K)
 Metaspace       used 153570K, capacity 157709K, committed 157900K, reserved 1185792K
  class space    used 19155K, capacity 20703K, committed 20736K, reserved 1048576K
}
Event: 944.072 GC heap after
{Heap after GC invocations=95 (full 0):
 garbage-first heap   total 239616K, used 156154K [0x0000000080000000, 0x0000000100000000)
  region size 1024K, 5 young (5120K), 5 survivors (5120K)
 Metaspace       used 153570K, capacity 157709K, committed 157900K, reserved 1185792K
  class space    used 19155K, capacity 20703K, committed 20736K, reserved 1048576K
}
Event: 944.633 GC heap before
{Heap before GC invocations=96 (full 0):
 garbage-first heap   total 239616K, used 176634K [0x0000000080000000, 0x0000000100000000)
  region size 1024K, 37 young (37888K), 5 survivors (5120K)
 Metaspace       used 153876K, capacity 157965K, committed 158156K, reserved 1187840K
  class space    used 19176K, capacity 20703K, committed 20736K, reserved 1048576K
}
Event: 944.643 GC heap after
{Heap after GC invocations=97 (full 0):
 garbage-first heap   total 239616K, used 144314K [0x0000000080000000, 0x0000000100000000)
  region size 1024K, 1 young (1024K), 1 survivors (1024K)
 Metaspace       used 153876K, capacity 157965K, committed 158156K, reserved 1187840K
  class space    used 19176K, capacity 20703K, committed 20736K, reserved 1048576K
}
Event: 944.952 GC heap before
{Heap before GC invocations=97 (full 0):
 garbage-first heap   total 239616K, used 153530K [0x0000000080000000, 0x0000000100000000)
  region size 1024K, 11 young (11264K), 1 survivors (1024K)
 Metaspace       used 154293K, capacity 158381K, committed 158668K, reserved 1187840K
  class space    used 19204K, capacity 20735K, committed 20736K, reserved 1048576K
}

