# JRE version: OpenJDK Runtime Environment (11.0.12+7) (build 11.0.12+7-b1504.28-7817840)
# Java VM: OpenJDK 64-Bit Server VM (11.0.12+7-b1504.28-7817840, mixed mode, tiered, compressed oops, g1 gc, windows-amd64)
Heap:
 garbage-first heap   total 280576K, used 204963K [0x0000000080000000, 0x0000000100000000)
  region size 1024K, 17 young (17408K), 3 survivors (3072K)
 Metaspace       used 109165K, capacity 112160K, committed 112512K, reserved 1146880K
  class space    used 14133K, capacity 15208K, committed 15308K, reserved 1048576K
GC Heap History (20 events):
Event: 12.713 GC heap before
{Heap before GC invocations=17 (full 0):
 garbage-first heap   total 280576K, used 194626K [0x0000000080000000, 0x0000000100000000)
  region size 1024K, 107 young (109568K), 14 survivors (14336K)
 Metaspace       used 89628K, capacity 91971K, committed 92032K, reserved 1128448K
  class space    used 11659K, capacity 12471K, committed 12492K, reserved 1048576K
}
Event: 12.736 GC heap after
{Heap after GC invocations=18 (full 0):
 garbage-first heap   total 280576K, used 106367K [0x0000000080000000, 0x0000000100000000)
  region size 1024K, 7 young (7168K), 7 survivors (7168K)
 Metaspace       used 89628K, capacity 91971K, committed 92032K, reserved 1128448K
  class space    used 11659K, capacity 12471K, committed 12492K, reserved 1048576K
}
Event: 14.506 GC heap before
{Heap before GC invocations=18 (full 0):
 garbage-first heap   total 280576K, used 202623K [0x0000000080000000, 0x0000000100000000)
  region size 1024K, 102 young (104448K), 7 survivors (7168K)
 Metaspace       used 92374K, capacity 94823K, committed 94976K, reserved 1132544K
  class space    used 11902K, capacity 12815K, committed 12876K, reserved 1048576K
}
Event: 14.525 GC heap after
{Heap after GC invocations=19 (full 0):
 garbage-first heap   total 280576K, used 111876K [0x0000000080000000, 0x0000000100000000)
  region size 1024K, 13 young (13312K), 13 survivors (13312K)
 Metaspace       used 92374K, capacity 94823K, committed 94976K, reserved 1132544K
  class space    used 11902K, capacity 12815K, committed 12876K, reserved 1048576K
}
Event: 22.084 GC heap before
{Heap before GC invocations=19 (full 0):
 garbage-first heap   total 280576K, used 209156K [0x0000000080000000, 0x0000000100000000)
  region size 1024K, 109 young (111616K), 13 survivors (13312K)
 Metaspace       used 96680K, capacity 99477K, committed 99712K, reserved 1136640K
  class space    used 12431K, capacity 13439K, committed 13516K, reserved 1048576K
}
Event: 22.114 GC heap after
{Heap after GC invocations=20 (full 0):
 garbage-first heap   total 280576K, used 120312K [0x0000000080000000, 0x0000000100000000)
  region size 1024K, 14 young (14336K), 14 survivors (14336K)
 Metaspace       used 96680K, capacity 99477K, committed 99712K, reserved 1136640K
  class space    used 12431K, capacity 13439K, committed 13516K, reserved 1048576K
}
Event: 23.679 GC heap before
{Heap before GC invocations=20 (full 0):
 garbage-first heap   total 280576K, used 213496K [0x0000000080000000, 0x0000000100000000)
  region size 1024K, 106 young (108544K), 14 survivors (14336K)
 Metaspace       used 101164K, capacity 103975K, committed 104064K, reserved 1138688K
  class space    used 12959K, capacity 13971K, committed 14028K, reserved 1048576K
}
Event: 23.705 GC heap after
{Heap after GC invocations=21 (full 0):
 garbage-first heap   total 280576K, used 126549K [0x0000000080000000, 0x0000000100000000)
  region size 1024K, 6 young (6144K), 6 survivors (6144K)
 Metaspace       used 101164K, capacity 103975K, committed 104064K, reserved 1138688K
  class space    used 12959K, capacity 13971K, committed 14028K, reserved 1048576K
}
Event: 25.440 GC heap before
{Heap before GC invocations=21 (full 0):
 garbage-first heap   total 280576K, used 218709K [0x0000000080000000, 0x0000000100000000)
  region size 1024K, 92 young (94208K), 6 survivors (6144K)
 Metaspace       used 103413K, capacity 106208K, committed 106368K, reserved 1140736K
  class space    used 13206K, capacity 14216K, committed 14284K, reserved 1048576K
}
Event: 25.466 GC heap after
{Heap after GC invocations=22 (full 0):
 garbage-first heap   total 280576K, used 142336K [0x0000000080000000, 0x0000000100000000)
  region size 1024K, 13 young (13312K), 13 survivors (13312K)
 Metaspace       used 103413K, capacity 106208K, committed 106368K, reserved 1140736K
  class space    used 13206K, capacity 14216K, committed 14284K, reserved 1048576K
}
Event: 26.002 GC heap before
{Heap before GC invocations=23 (full 0):
 garbage-first heap   total 280576K, used 168960K [0x0000000080000000, 0x0000000100000000)
  region size 1024K, 36 young (36864K), 13 survivors (13312K)
 Metaspace       used 105768K, capacity 108613K, committed 108800K, reserved 1142784K
  class space    used 13527K, capacity 14549K, committed 14668K, reserved 1048576K
}
Event: 26.031 GC heap after
{Heap after GC invocations=24 (full 0):
 garbage-first heap   total 280576K, used 153129K [0x0000000080000000, 0x0000000100000000)
  region size 1024K, 5 young (5120K), 5 survivors (5120K)
 Metaspace       used 105768K, capacity 108613K, committed 108800K, reserved 1142784K
  class space    used 13527K, capacity 14549K, committed 14668K, reserved 1048576K
}
Event: 26.789 GC heap before
{Heap before GC invocations=25 (full 0):
 garbage-first heap   total 280576K, used 236073K [0x0000000080000000, 0x0000000100000000)
  region size 1024K, 59 young (60416K), 5 survivors (5120K)
 Metaspace       used 106636K, capacity 109507K, committed 109696K, reserved 1144832K
  class space    used 13655K, capacity 14677K, committed 14796K, reserved 1048576K
}
Event: 26.813 GC heap after
{Heap after GC invocations=26 (full 0):
 garbage-first heap   total 280576K, used 177152K [0x0000000080000000, 0x0000000100000000)
  region size 1024K, 8 young (8192K), 8 survivors (8192K)
 Metaspace       used 106636K, capacity 109507K, committed 109696K, reserved 1144832K
  class space    used 13655K, capacity 14677K, committed 14796K, reserved 1048576K
}
Event: 26.866 GC heap before
{Heap before GC invocations=26 (full 0):
 garbage-first heap   total 280576K, used 186368K [0x0000000080000000, 0x0000000100000000)
  region size 1024K, 18 young (18432K), 8 survivors (8192K)
 Metaspace       used 106651K, capacity 109507K, committed 109696K, reserved 1144832K
  class space    used 13655K, capacity 14677K, committed 14796K, reserved 1048576K
}
Event: 26.890 GC heap after
{Heap after GC invocations=27 (full 0):
 garbage-first heap   total 280576K, used 180606K [0x0000000080000000, 0x0000000100000000)
  region size 1024K, 3 young (3072K), 3 survivors (3072K)
 Metaspace       used 106651K, capacity 109507K, committed 109696K, reserved 1144832K
  class space    used 13655K, capacity 14677K, committed 14796K, reserved 1048576K
}
Event: 27.068 GC heap before
{Heap before GC invocations=27 (full 0):
 garbage-first heap   total 280576K, used 200062K [0x0000000080000000, 0x0000000100000000)
  region size 1024K, 22 young (22528K), 3 survivors (3072K)
 Metaspace       used 106684K, capacity 109577K, committed 109696K, reserved 1144832K
  class space    used 13656K, capacity 14679K, committed 14796K, reserved 1048576K
}
Event: 27.081 GC heap after
{Heap after GC invocations=28 (full 0):
 garbage-first heap   total 280576K, used 185045K [0x0000000080000000, 0x0000000100000000)
  region size 1024K, 3 young (3072K), 3 survivors (3072K)
 Metaspace       used 106684K, capacity 109577K, committed 109696K, reserved 1144832K
  class space    used 13656K, capacity 14679K, committed 14796K, reserved 1048576K
}
Event: 27.497 GC heap before
{Heap before GC invocations=29 (full 0):
 garbage-first heap   total 280576K, used 207573K [0x0000000080000000, 0x0000000100000000)
  region size 1024K, 23 young (23552K), 3 survivors (3072K)
 Metaspace       used 109029K, capacity 112018K, committed 112256K, reserved 1146880K
  class space    used 14133K, capacity 15208K, committed 15308K, reserved 1048576K
}
Event: 27.518 GC heap after
{Heap after GC invocations=30 (full 0):
 garbage-first heap   total 280576K, used 191651K [0x0000000080000000, 0x0000000100000000)
  region size 1024K, 3 young (3072K), 3 survivors (3072K)
 Metaspace       used 109029K, capacity 112018K, committed 112256K, reserved 1146880K
  class space    used 14133K, capacity 15208K, committed 15308K, reserved 1048576K
}

