# JRE version: OpenJDK Runtime Environment (11.0.12+7) (build 11.0.12+7-b1504.28-7817840)
# Java VM: OpenJDK 64-Bit Server VM (11.0.12+7-b1504.28-7817840, mixed mode, tiered, compressed oops, g1 gc, windows-amd64)
Heap:
 garbage-first heap   total 428032K, used 180224K [0x0000000080000000, 0x0000000100000000)
  region size 1024K, 6 young (6144K), 6 survivors (6144K)
 Metaspace       used 97747K, capacity 100345K, committed 100480K, reserved 1136640K
  class space    used 12873K, capacity 13861K, committed 13952K, reserved 1048576K
GC Heap History (20 events):
Event: 4.693 GC heap after
{Heap after GC invocations=9 (full 0):
 garbage-first heap   total 194560K, used 29173K [0x0000000080000000, 0x0000000100000000)
  region size 1024K, 7 young (7168K), 7 survivors (7168K)
 Metaspace       used 43946K, capacity 44892K, committed 44928K, reserved 1087488K
  class space    used 5609K, capacity 5983K, committed 6016K, reserved 1048576K
}
Event: 5.607 GC heap before
{Heap before GC invocations=10 (full 0):
 garbage-first heap   total 194560K, used 126453K [0x0000000080000000, 0x0000000100000000)
  region size 1024K, 98 young (100352K), 7 survivors (7168K)
 Metaspace       used 48638K, capacity 49878K, committed 50048K, reserved 1093632K
  class space    used 6245K, capacity 6725K, committed 6784K, reserved 1048576K
}
Event: 5.619 GC heap after
{Heap after GC invocations=11 (full 0):
 garbage-first heap   total 233472K, used 41809K [0x0000000080000000, 0x0000000100000000)
  region size 1024K, 13 young (13312K), 13 survivors (13312K)
 Metaspace       used 48638K, capacity 49878K, committed 50048K, reserved 1093632K
  class space    used 6245K, capacity 6725K, committed 6784K, reserved 1048576K
}
Event: 7.056 GC heap before
{Heap before GC invocations=11 (full 0):
 garbage-first heap   total 233472K, used 150353K [0x0000000080000000, 0x0000000100000000)
  region size 1024K, 120 young (122880K), 13 survivors (13312K)
 Metaspace       used 62565K, capacity 64029K, committed 64128K, reserved 1105920K
  class space    used 7961K, capacity 8523K, committed 8576K, reserved 1048576K
}
Event: 7.071 GC heap after
{Heap after GC invocations=12 (full 0):
 garbage-first heap   total 233472K, used 49498K [0x0000000080000000, 0x0000000100000000)
  region size 1024K, 8 young (8192K), 8 survivors (8192K)
 Metaspace       used 62565K, capacity 64029K, committed 64128K, reserved 1105920K
  class space    used 7961K, capacity 8523K, committed 8576K, reserved 1048576K
}
Event: 8.229 GC heap before
{Heap before GC invocations=12 (full 0):
 garbage-first heap   total 233472K, used 160090K [0x0000000080000000, 0x0000000100000000)
  region size 1024K, 115 young (117760K), 8 survivors (8192K)
 Metaspace       used 70579K, capacity 72211K, committed 72320K, reserved 1112064K
  class space    used 9192K, capacity 9825K, committed 9856K, reserved 1048576K
}
Event: 8.242 GC heap after
{Heap after GC invocations=13 (full 0):
 garbage-first heap   total 233472K, used 55885K [0x0000000080000000, 0x0000000100000000)
  region size 1024K, 14 young (14336K), 14 survivors (14336K)
 Metaspace       used 70579K, capacity 72211K, committed 72320K, reserved 1112064K
  class space    used 9192K, capacity 9825K, committed 9856K, reserved 1048576K
}
Event: 8.723 GC heap before
{Heap before GC invocations=13 (full 0):
 garbage-first heap   total 233472K, used 97869K [0x0000000080000000, 0x0000000100000000)
  region size 1024K, 56 young (57344K), 14 survivors (14336K)
 Metaspace       used 73733K, capacity 75399K, committed 75520K, reserved 1114112K
  class space    used 9622K, capacity 10293K, committed 10368K, reserved 1048576K
}
Event: 8.749 GC heap after
{Heap after GC invocations=14 (full 0):
 garbage-first heap   total 233472K, used 58974K [0x0000000080000000, 0x0000000100000000)
  region size 1024K, 11 young (11264K), 11 survivors (11264K)
 Metaspace       used 73733K, capacity 75399K, committed 75520K, reserved 1114112K
  class space    used 9622K, capacity 10293K, committed 10368K, reserved 1048576K
}
Event: 10.364 GC heap before
{Heap before GC invocations=15 (full 0):
 garbage-first heap   total 233472K, used 166494K [0x0000000080000000, 0x0000000100000000)
  region size 1024K, 117 young (119808K), 11 survivors (11264K)
 Metaspace       used 81073K, capacity 83113K, committed 83200K, reserved 1120256K
  class space    used 10669K, capacity 11437K, committed 11520K, reserved 1048576K
}
Event: 10.399 GC heap after
{Heap after GC invocations=16 (full 0):
 garbage-first heap   total 233472K, used 66297K [0x0000000080000000, 0x0000000100000000)
  region size 1024K, 11 young (11264K), 11 survivors (11264K)
 Metaspace       used 81073K, capacity 83113K, committed 83200K, reserved 1120256K
  class space    used 10669K, capacity 11437K, committed 11520K, reserved 1048576K
}
Event: 11.755 GC heap before
{Heap before GC invocations=17 (full 0):
 garbage-first heap   total 233472K, used 172793K [0x0000000080000000, 0x0000000100000000)
  region size 1024K, 116 young (118784K), 11 survivors (11264K)
 Metaspace       used 85157K, capacity 87277K, committed 87424K, reserved 1124352K
  class space    used 11108K, capacity 11900K, committed 11904K, reserved 1048576K
}
Event: 11.779 GC heap after
{Heap after GC invocations=18 (full 0):
 garbage-first heap   total 280576K, used 72815K [0x0000000080000000, 0x0000000100000000)
  region size 1024K, 14 young (14336K), 14 survivors (14336K)
 Metaspace       used 85157K, capacity 87277K, committed 87424K, reserved 1124352K
  class space    used 11108K, capacity 11900K, committed 11904K, reserved 1048576K
}
Event: 13.099 GC heap before
{Heap before GC invocations=18 (full 0):
 garbage-first heap   total 280576K, used 238703K [0x0000000080000000, 0x0000000100000000)
  region size 1024K, 138 young (141312K), 14 survivors (14336K)
 Metaspace       used 91496K, capacity 93680K, committed 93952K, reserved 1130496K
  class space    used 11896K, capacity 12708K, committed 12800K, reserved 1048576K
}
Event: 13.129 GC heap after
{Heap after GC invocations=19 (full 0):
 garbage-first heap   total 280576K, used 111328K [0x0000000080000000, 0x0000000100000000)
  region size 1024K, 18 young (18432K), 18 survivors (18432K)
 Metaspace       used 91496K, capacity 93680K, committed 93952K, reserved 1130496K
  class space    used 11896K, capacity 12708K, committed 12800K, reserved 1048576K
}
Event: 14.041 GC heap before
{Heap before GC invocations=19 (full 0):
 garbage-first heap   total 280576K, used 220896K [0x0000000080000000, 0x0000000100000000)
  region size 1024K, 122 young (124928K), 18 survivors (18432K)
 Metaspace       used 94661K, capacity 96977K, committed 97152K, reserved 1132544K
  class space    used 12453K, capacity 13325K, committed 13440K, reserved 1048576K
}
Event: 14.097 GC heap after
{Heap after GC invocations=20 (full 0):
 garbage-first heap   total 280576K, used 135053K [0x0000000080000000, 0x0000000100000000)
  region size 1024K, 16 young (16384K), 16 survivors (16384K)
 Metaspace       used 94661K, capacity 96977K, committed 97152K, reserved 1132544K
  class space    used 12453K, capacity 13325K, committed 13440K, reserved 1048576K
}
Event: 14.819 GC heap before
{Heap before GC invocations=20 (full 0):
 garbage-first heap   total 280576K, used 213901K [0x0000000080000000, 0x0000000100000000)
  region size 1024K, 94 young (96256K), 16 survivors (16384K)
 Metaspace       used 95763K, capacity 98105K, committed 98304K, reserved 1134592K
  class space    used 12599K, capacity 13483K, committed 13568K, reserved 1048576K
}
Event: 14.957 GC heap after
{Heap after GC invocations=21 (full 0):
 garbage-first heap   total 280576K, used 172544K [0x0000000080000000, 0x0000000100000000)
  region size 1024K, 12 young (12288K), 12 survivors (12288K)
 Metaspace       used 95763K, capacity 98105K, committed 98304K, reserved 1134592K
  class space    used 12599K, capacity 13483K, committed 13568K, reserved 1048576K
}
Event: 16.076 GC heap before
{Heap before GC invocations=21 (full 0):
 garbage-first heap   total 280576K, used 216576K [0x0000000080000000, 0x0000000100000000)
  region size 1024K, 55 young (56320K), 12 survivors (12288K)
 Metaspace       used 97747K, capacity 100345K, committed 100480K, reserved 1136640K
  class space    used 12873K, capacity 13861K, committed 13952K, reserved 1048576K
}

