# JRE version: OpenJDK Runtime Environment (11.0.12+7) (build 11.0.12+7-b1504.28-7817840)
# Java VM: OpenJDK 64-Bit Server VM (11.0.12+7-b1504.28-7817840, mixed mode, tiered, compressed oops, g1 gc, windows-amd64)
Heap:
 garbage-first heap   total 336896K, used 236130K [0x0000000080000000, 0x0000000100000000)
  region size 1024K, 89 young (91136K), 5 survivors (5120K)
 Metaspace       used 132777K, capacity 136659K, committed 136952K, reserved 1167360K
  class space    used 16732K, capacity 18171K, committed 18252K, reserved 1048576K
GC Heap History (20 events):
Event: 47.553 GC heap before
{Heap before GC invocations=37 (full 0):
 garbage-first heap   total 280576K, used 173867K [0x0000000080000000, 0x0000000100000000)
  region size 1024K, 28 young (28672K), 1 survivors (1024K)
 Metaspace       used 111419K, capacity 114330K, committed 114552K, reserved 1148928K
  class space    used 13950K, capacity 14997K, committed 15052K, reserved 1048576K
}
Event: 47.556 GC heap after
{Heap after GC invocations=38 (full 0):
 garbage-first heap   total 280576K, used 147601K [0x0000000080000000, 0x0000000100000000)
  region size 1024K, 2 young (2048K), 2 survivors (2048K)
 Metaspace       used 111419K, capacity 114330K, committed 114552K, reserved 1148928K
  class space    used 13950K, capacity 14997K, committed 15052K, reserved 1048576K
}
Event: 47.693 GC heap before
{Heap before GC invocations=38 (full 0):
 garbage-first heap   total 280576K, used 158865K [0x0000000080000000, 0x0000000100000000)
  region size 1024K, 13 young (13312K), 2 survivors (2048K)
 Metaspace       used 111482K, capacity 114458K, committed 114552K, reserved 1148928K
  class space    used 13951K, capacity 14997K, committed 15052K, reserved 1048576K
}
Event: 47.697 GC heap after
{Heap after GC invocations=39 (full 0):
 garbage-first heap   total 280576K, used 141200K [0x0000000080000000, 0x0000000100000000)
  region size 1024K, 1 young (1024K), 1 survivors (1024K)
 Metaspace       used 111482K, capacity 114458K, committed 114552K, reserved 1148928K
  class space    used 13951K, capacity 14997K, committed 15052K, reserved 1048576K
}
Event: 48.722 GC heap before
{Heap before GC invocations=39 (full 0):
 garbage-first heap   total 280576K, used 188304K [0x0000000080000000, 0x0000000100000000)
  region size 1024K, 48 young (49152K), 1 survivors (1024K)
 Metaspace       used 113126K, capacity 116091K, committed 116344K, reserved 1150976K
  class space    used 14127K, capacity 15175K, committed 15308K, reserved 1048576K
}
Event: 48.725 GC heap after
{Heap after GC invocations=40 (full 0):
 garbage-first heap   total 280576K, used 141581K [0x0000000080000000, 0x0000000100000000)
  region size 1024K, 1 young (1024K), 1 survivors (1024K)
 Metaspace       used 113126K, capacity 116091K, committed 116344K, reserved 1150976K
  class space    used 14127K, capacity 15175K, committed 15308K, reserved 1048576K
}
Event: 49.476 GC heap before
{Heap before GC invocations=41 (full 0):
 garbage-first heap   total 280576K, used 194829K [0x0000000080000000, 0x0000000100000000)
  region size 1024K, 56 young (57344K), 1 survivors (1024K)
 Metaspace       used 116689K, capacity 119692K, committed 119800K, reserved 1153024K
  class space    used 14580K, capacity 15628K, committed 15692K, reserved 1048576K
}
Event: 49.487 GC heap after
{Heap after GC invocations=42 (full 0):
 garbage-first heap   total 280576K, used 142446K [0x0000000080000000, 0x0000000100000000)
  region size 1024K, 4 young (4096K), 4 survivors (4096K)
 Metaspace       used 116689K, capacity 119692K, committed 119800K, reserved 1153024K
  class space    used 14580K, capacity 15628K, committed 15692K, reserved 1048576K
}
Event: 49.619 GC heap before
{Heap before GC invocations=42 (full 0):
 garbage-first heap   total 280576K, used 151662K [0x0000000080000000, 0x0000000100000000)
  region size 1024K, 13 young (13312K), 4 survivors (4096K)
 Metaspace       used 116766K, capacity 119783K, committed 120056K, reserved 1153024K
  class space    used 14580K, capacity 15628K, committed 15692K, reserved 1048576K
}
Event: 49.630 GC heap after
{Heap after GC invocations=43 (full 0):
 garbage-first heap   total 280576K, used 137454K [0x0000000080000000, 0x0000000100000000)
  region size 1024K, 1 young (1024K), 1 survivors (1024K)
 Metaspace       used 116766K, capacity 119783K, committed 120056K, reserved 1153024K
  class space    used 14580K, capacity 15628K, committed 15692K, reserved 1048576K
}
Event: 50.459 GC heap before
{Heap before GC invocations=43 (full 0):
 garbage-first heap   total 280576K, used 198894K [0x0000000080000000, 0x0000000100000000)
  region size 1024K, 62 young (63488K), 1 survivors (1024K)
 Metaspace       used 117901K, capacity 121010K, committed 121208K, reserved 1155072K
  class space    used 14717K, capacity 15798K, committed 15820K, reserved 1048576K
}
Event: 50.482 GC heap after
{Heap after GC invocations=44 (full 0):
 garbage-first heap   total 280576K, used 142599K [0x0000000080000000, 0x0000000100000000)
  region size 1024K, 6 young (6144K), 6 survivors (6144K)
 Metaspace       used 117901K, capacity 121010K, committed 121208K, reserved 1155072K
  class space    used 14717K, capacity 15798K, committed 15820K, reserved 1048576K
}
Event: 51.192 GC heap before
{Heap before GC invocations=45 (full 0):
 garbage-first heap   total 280576K, used 205063K [0x0000000080000000, 0x0000000100000000)
  region size 1024K, 68 young (69632K), 6 survivors (6144K)
 Metaspace       used 118362K, capacity 121468K, committed 121592K, reserved 1155072K
  class space    used 14776K, capacity 15884K, committed 15948K, reserved 1048576K
}
Event: 51.208 GC heap after
{Heap after GC invocations=46 (full 0):
 garbage-first heap   total 280576K, used 147901K [0x0000000080000000, 0x0000000100000000)
  region size 1024K, 6 young (6144K), 6 survivors (6144K)
 Metaspace       used 118362K, capacity 121468K, committed 121592K, reserved 1155072K
  class space    used 14776K, capacity 15884K, committed 15948K, reserved 1048576K
}
Event: 51.241 GC heap before
{Heap before GC invocations=46 (full 0):
 garbage-first heap   total 280576K, used 154045K [0x0000000080000000, 0x0000000100000000)
  region size 1024K, 13 young (13312K), 6 survivors (6144K)
 Metaspace       used 118370K, capacity 121468K, committed 121592K, reserved 1155072K
  class space    used 14776K, capacity 15884K, committed 15948K, reserved 1048576K
}
Event: 51.251 GC heap after
{Heap after GC invocations=47 (full 0):
 garbage-first heap   total 336896K, used 148321K [0x0000000080000000, 0x0000000100000000)
  region size 1024K, 1 young (1024K), 1 survivors (1024K)
 Metaspace       used 118370K, capacity 121468K, committed 121592K, reserved 1155072K
  class space    used 14776K, capacity 15884K, committed 15948K, reserved 1048576K
}
Event: 52.425 GC heap before
{Heap before GC invocations=47 (full 0):
 garbage-first heap   total 336896K, used 234337K [0x0000000080000000, 0x0000000100000000)
  region size 1024K, 84 young (86016K), 1 survivors (1024K)
 Metaspace       used 126609K, capacity 130145K, committed 130424K, reserved 1163264K
  class space    used 15995K, capacity 17272K, committed 17356K, reserved 1048576K
}
Event: 52.436 GC heap after
{Heap after GC invocations=48 (full 0):
 garbage-first heap   total 336896K, used 152059K [0x0000000080000000, 0x0000000100000000)
  region size 1024K, 5 young (5120K), 5 survivors (5120K)
 Metaspace       used 126609K, capacity 130145K, committed 130424K, reserved 1163264K
  class space    used 15995K, capacity 17272K, committed 17356K, reserved 1048576K
}
Event: 53.910 GC heap before
{Heap before GC invocations=48 (full 0):
 garbage-first heap   total 336896K, used 240123K [0x0000000080000000, 0x0000000100000000)
  region size 1024K, 92 young (94208K), 5 survivors (5120K)
 Metaspace       used 131940K, capacity 135777K, committed 136056K, reserved 1167360K
  class space    used 16655K, capacity 18048K, committed 18124K, reserved 1048576K
}
Event: 53.923 GC heap after
{Heap after GC invocations=49 (full 0):
 garbage-first heap   total 336896K, used 152162K [0x0000000080000000, 0x0000000100000000)
  region size 1024K, 5 young (5120K), 5 survivors (5120K)
 Metaspace       used 131940K, capacity 135777K, committed 136056K, reserved 1167360K
  class space    used 16655K, capacity 18048K, committed 18124K, reserved 1048576K
}

