# JRE version: OpenJDK Runtime Environment (11.0.12+7) (build 11.0.12+7-b1504.28-7817840)
# Java VM: OpenJDK 64-Bit Server VM (11.0.12+7-b1504.28-7817840, mixed mode, tiered, compressed oops, g1 gc, windows-amd64)
Heap:
 garbage-first heap   total 280576K, used 184478K [0x0000000080000000, 0x0000000100000000)
  region size 1024K, 5 young (5120K), 2 survivors (2048K)
 Metaspace       used 184569K, capacity 189699K, committed 190668K, reserved 1216512K
  class space    used 22394K, capacity 24190K, committed 24524K, reserved 1048576K
GC Heap History (20 events):
Event: 16082.803 GC heap before
{Heap before GC invocations=300 (full 0):
 garbage-first heap   total 280576K, used 236464K [0x0000000080000000, 0x0000000100000000)
  region size 1024K, 82 young (83968K), 1 survivors (1024K)
 Metaspace       used 176834K, capacity 182328K, committed 182348K, reserved 1208320K
  class space    used 21901K, capacity 23873K, committed 23884K, reserved 1048576K
}
Event: 16082.822 GC heap after
{Heap after GC invocations=301 (full 0):
 garbage-first heap   total 280576K, used 157741K [0x0000000080000000, 0x0000000100000000)
  region size 1024K, 4 young (4096K), 4 survivors (4096K)
 Metaspace       used 176834K, capacity 182328K, committed 182348K, reserved 1208320K
  class space    used 21901K, capacity 23873K, committed 23884K, reserved 1048576K
}
Event: 16230.624 GC heap before
{Heap before GC invocations=302 (full 0):
 garbage-first heap   total 280576K, used 237613K [0x0000000080000000, 0x0000000100000000)
  region size 1024K, 83 young (84992K), 4 survivors (4096K)
 Metaspace       used 177932K, capacity 183054K, committed 184140K, reserved 1210368K
  class space    used 21863K, capacity 23637K, committed 23884K, reserved 1048576K
}
Event: 16230.640 GC heap after
{Heap after GC invocations=303 (full 0):
 garbage-first heap   total 280576K, used 164904K [0x0000000080000000, 0x0000000100000000)
  region size 1024K, 11 young (11264K), 11 survivors (11264K)
 Metaspace       used 177932K, capacity 183054K, committed 184140K, reserved 1210368K
  class space    used 21863K, capacity 23637K, committed 23884K, reserved 1048576K
}
Event: 16230.662 GC heap before
{Heap before GC invocations=303 (full 0):
 garbage-first heap   total 280576K, used 165928K [0x0000000080000000, 0x0000000100000000)
  region size 1024K, 13 young (13312K), 11 survivors (11264K)
 Metaspace       used 177932K, capacity 183054K, committed 184140K, reserved 1210368K
  class space    used 21863K, capacity 23637K, committed 23884K, reserved 1048576K
}
Event: 16230.702 GC heap after
{Heap after GC invocations=304 (full 0):
 garbage-first heap   total 280576K, used 164258K [0x0000000080000000, 0x0000000100000000)
  region size 1024K, 2 young (2048K), 2 survivors (2048K)
 Metaspace       used 177932K, capacity 183054K, committed 184140K, reserved 1210368K
  class space    used 21863K, capacity 23637K, committed 23884K, reserved 1048576K
}
Event: 16232.832 GC heap before
{Heap before GC invocations=304 (full 0):
 garbage-first heap   total 280576K, used 235938K [0x0000000080000000, 0x0000000100000000)
  region size 1024K, 73 young (74752K), 2 survivors (2048K)
 Metaspace       used 179191K, capacity 184305K, committed 185292K, reserved 1210368K
  class space    used 21978K, capacity 23756K, committed 24012K, reserved 1048576K
}
Event: 16232.863 GC heap after
{Heap after GC invocations=305 (full 0):
 garbage-first heap   total 280576K, used 172702K [0x0000000080000000, 0x0000000100000000)
  region size 1024K, 10 young (10240K), 10 survivors (10240K)
 Metaspace       used 179191K, capacity 184305K, committed 185292K, reserved 1210368K
  class space    used 21978K, capacity 23756K, committed 24012K, reserved 1048576K
}
Event: 16234.640 GC heap before
{Heap before GC invocations=306 (full 0):
 garbage-first heap   total 280576K, used 244382K [0x0000000080000000, 0x0000000100000000)
  region size 1024K, 70 young (71680K), 10 survivors (10240K)
 Metaspace       used 179603K, capacity 184724K, committed 185676K, reserved 1210368K
  class space    used 22006K, capacity 23789K, committed 24140K, reserved 1048576K
}
Event: 16234.670 GC heap after
{Heap after GC invocations=307 (full 0):
 garbage-first heap   total 280576K, used 190163K [0x0000000080000000, 0x0000000100000000)
  region size 1024K, 9 young (9216K), 9 survivors (9216K)
 Metaspace       used 179603K, capacity 184724K, committed 185676K, reserved 1210368K
  class space    used 22006K, capacity 23789K, committed 24140K, reserved 1048576K
}
Event: 16234.755 GC heap before
{Heap before GC invocations=307 (full 0):
 garbage-first heap   total 280576K, used 193235K [0x0000000080000000, 0x0000000100000000)
  region size 1024K, 13 young (13312K), 9 survivors (9216K)
 Metaspace       used 179604K, capacity 184724K, committed 185676K, reserved 1210368K
  class space    used 22006K, capacity 23789K, committed 24140K, reserved 1048576K
}
Event: 16234.800 GC heap after
{Heap after GC invocations=308 (full 0):
 garbage-first heap   total 280576K, used 185712K [0x0000000080000000, 0x0000000100000000)
  region size 1024K, 2 young (2048K), 2 survivors (2048K)
 Metaspace       used 179604K, capacity 184724K, committed 185676K, reserved 1210368K
  class space    used 22006K, capacity 23789K, committed 24140K, reserved 1048576K
}
Event: 16237.002 GC heap before
{Heap before GC invocations=308 (full 0):
 garbage-first heap   total 280576K, used 209264K [0x0000000080000000, 0x0000000100000000)
  region size 1024K, 27 young (27648K), 2 survivors (2048K)
 Metaspace       used 179703K, capacity 184862K, committed 185932K, reserved 1210368K
  class space    used 22014K, capacity 23792K, committed 24140K, reserved 1048576K
}
Event: 16237.021 GC heap after
{Heap after GC invocations=309 (full 0):
 garbage-first heap   total 280576K, used 192000K [0x0000000080000000, 0x0000000100000000)
  region size 1024K, 6 young (6144K), 6 survivors (6144K)
 Metaspace       used 179703K, capacity 184862K, committed 185932K, reserved 1210368K
  class space    used 22014K, capacity 23792K, committed 24140K, reserved 1048576K
}
Event: 16237.644 GC heap before
{Heap before GC invocations=310 (full 0):
 garbage-first heap   total 280576K, used 247296K [0x0000000080000000, 0x0000000100000000)
  region size 1024K, 43 young (44032K), 6 survivors (6144K)
 Metaspace       used 180469K, capacity 185641K, committed 186444K, reserved 1212416K
  class space    used 22073K, capacity 23870K, committed 24140K, reserved 1048576K
}
Event: 16237.660 GC heap after
{Heap after GC invocations=311 (full 0):
 garbage-first heap   total 280576K, used 198924K [0x0000000080000000, 0x0000000100000000)
  region size 1024K, 6 young (6144K), 6 survivors (6144K)
 Metaspace       used 180469K, capacity 185641K, committed 186444K, reserved 1212416K
  class space    used 22073K, capacity 23870K, committed 24140K, reserved 1048576K
}
Event: 16237.989 GC heap before
{Heap before GC invocations=311 (full 0):
 garbage-first heap   total 280576K, used 205068K [0x0000000080000000, 0x0000000100000000)
  region size 1024K, 13 young (13312K), 6 survivors (6144K)
 Metaspace       used 181779K, capacity 186915K, committed 187852K, reserved 1212416K
  class space    used 22179K, capacity 23966K, committed 24268K, reserved 1048576K
}
Event: 16238.006 GC heap after
{Heap after GC invocations=312 (full 0):
 garbage-first heap   total 280576K, used 197613K [0x0000000080000000, 0x0000000100000000)
  region size 1024K, 2 young (2048K), 2 survivors (2048K)
 Metaspace       used 181779K, capacity 186915K, committed 187852K, reserved 1212416K
  class space    used 22179K, capacity 23966K, committed 24268K, reserved 1048576K
}
Event: 16240.884 GC heap before
{Heap before GC invocations=312 (full 0):
 garbage-first heap   total 280576K, used 232429K [0x0000000080000000, 0x0000000100000000)
  region size 1024K, 36 young (36864K), 2 survivors (2048K)
 Metaspace       used 184361K, capacity 189475K, committed 190284K, reserved 1214464K
  class space    used 22382K, capacity 24158K, committed 24396K, reserved 1048576K
}
Event: 16240.893 GC heap after
{Heap after GC invocations=313 (full 0):
 garbage-first heap   total 280576K, used 203776K [0x0000000080000000, 0x0000000100000000)
  region size 1024K, 5 young (5120K), 5 survivors (5120K)
 Metaspace       used 184361K, capacity 189475K, committed 190284K, reserved 1214464K
  class space    used 22382K, capacity 24158K, committed 24396K, reserved 1048576K
}

