# JRE version: OpenJDK Runtime Environment (11.0.12+7) (build 11.0.12+7-b1504.28-7817840)
# Java VM: OpenJDK 64-Bit Server VM (11.0.12+7-b1504.28-7817840, mixed mode, tiered, compressed oops, g1 gc, windows-amd64)
Heap:
 garbage-first heap   total 336896K, used 193549K [0x0000000080000000, 0x0000000100000000)
  region size 1024K, 3 young (3072K), 2 survivors (2048K)
 Metaspace       used 107594K, capacity 110276K, committed 110540K, reserved 1144832K
  class space    used 13720K, capacity 14728K, committed 14848K, reserved 1048576K
GC Heap History (20 events):
Event: 7.612 GC heap before
{Heap before GC invocations=13 (full 0):
 garbage-first heap   total 233472K, used 144867K [0x0000000080000000, 0x0000000100000000)
  region size 1024K, 101 young (103424K), 4 survivors (4096K)
 Metaspace       used 65304K, capacity 66881K, committed 67020K, reserved 1107968K
  class space    used 8333K, capacity 8931K, committed 8960K, reserved 1048576K
}
Event: 7.628 GC heap after
{Heap after GC invocations=14 (full 0):
 garbage-first heap   total 280576K, used 52733K [0x0000000080000000, 0x0000000100000000)
  region size 1024K, 11 young (11264K), 11 survivors (11264K)
 Metaspace       used 65304K, capacity 66881K, committed 67020K, reserved 1107968K
  class space    used 8333K, capacity 8931K, committed 8960K, reserved 1048576K
}
Event: 9.254 GC heap before
{Heap before GC invocations=15 (full 0):
 garbage-first heap   total 280576K, used 174589K [0x0000000080000000, 0x0000000100000000)
  region size 1024K, 130 young (133120K), 11 survivors (11264K)
 Metaspace       used 77931K, capacity 79731K, committed 80076K, reserved 1118208K
  class space    used 10204K, capacity 10891K, committed 11008K, reserved 1048576K
}
Event: 9.276 GC heap after
{Heap after GC invocations=16 (full 0):
 garbage-first heap   total 280576K, used 60309K [0x0000000080000000, 0x0000000100000000)
  region size 1024K, 15 young (15360K), 15 survivors (15360K)
 Metaspace       used 77931K, capacity 79731K, committed 80076K, reserved 1118208K
  class space    used 10204K, capacity 10891K, committed 11008K, reserved 1048576K
}
Event: 11.855 GC heap before
{Heap before GC invocations=16 (full 0):
 garbage-first heap   total 280576K, used 193429K [0x0000000080000000, 0x0000000100000000)
  region size 1024K, 146 young (149504K), 15 survivors (15360K)
 Metaspace       used 83459K, capacity 85532K, committed 85708K, reserved 1124352K
  class space    used 10891K, capacity 11705K, committed 11776K, reserved 1048576K
}
Event: 11.889 GC heap after
{Heap after GC invocations=17 (full 0):
 garbage-first heap   total 280576K, used 73113K [0x0000000080000000, 0x0000000100000000)
  region size 1024K, 19 young (19456K), 19 survivors (19456K)
 Metaspace       used 83459K, capacity 85532K, committed 85708K, reserved 1124352K
  class space    used 10891K, capacity 11705K, committed 11776K, reserved 1048576K
}
Event: 13.785 GC heap before
{Heap before GC invocations=17 (full 0):
 garbage-first heap   total 280576K, used 225689K [0x0000000080000000, 0x0000000100000000)
  region size 1024K, 143 young (146432K), 19 survivors (19456K)
 Metaspace       used 87198K, capacity 89367K, committed 89548K, reserved 1126400K
  class space    used 11197K, capacity 12021K, committed 12032K, reserved 1048576K
}
Event: 13.834 GC heap after
{Heap after GC invocations=18 (full 0):
 garbage-first heap   total 280576K, used 94555K [0x0000000080000000, 0x0000000100000000)
  region size 1024K, 18 young (18432K), 18 survivors (18432K)
 Metaspace       used 87198K, capacity 89367K, committed 89548K, reserved 1126400K
  class space    used 11197K, capacity 12021K, committed 12032K, reserved 1048576K
}
Event: 15.993 GC heap before
{Heap before GC invocations=18 (full 0):
 garbage-first heap   total 280576K, used 205147K [0x0000000080000000, 0x0000000100000000)
  region size 1024K, 127 young (130048K), 18 survivors (18432K)
 Metaspace       used 90448K, capacity 92579K, committed 92748K, reserved 1130496K
  class space    used 11447K, capacity 12296K, committed 12416K, reserved 1048576K
}
Event: 16.014 GC heap after
{Heap after GC invocations=19 (full 0):
 garbage-first heap   total 336896K, used 91648K [0x0000000080000000, 0x0000000100000000)
  region size 1024K, 2 young (2048K), 2 survivors (2048K)
 Metaspace       used 90448K, capacity 92579K, committed 92748K, reserved 1130496K
  class space    used 11447K, capacity 12296K, committed 12416K, reserved 1048576K
}
Event: 18.517 GC heap before
{Heap before GC invocations=19 (full 0):
 garbage-first heap   total 336896K, used 235008K [0x0000000080000000, 0x0000000100000000)
  region size 1024K, 143 young (146432K), 2 survivors (2048K)
 Metaspace       used 97414K, capacity 99698K, committed 99916K, reserved 1136640K
  class space    used 12258K, capacity 13088K, committed 13184K, reserved 1048576K
}
Event: 18.532 GC heap after
{Heap after GC invocations=20 (full 0):
 garbage-first heap   total 336896K, used 98307K [0x0000000080000000, 0x0000000100000000)
  region size 1024K, 9 young (9216K), 9 survivors (9216K)
 Metaspace       used 97414K, capacity 99698K, committed 99916K, reserved 1136640K
  class space    used 12258K, capacity 13088K, committed 13184K, reserved 1048576K
}
Event: 19.945 GC heap before
{Heap before GC invocations=20 (full 0):
 garbage-first heap   total 336896K, used 295939K [0x0000000080000000, 0x0000000100000000)
  region size 1024K, 163 young (166912K), 9 survivors (9216K)
 Metaspace       used 101409K, capacity 103726K, committed 104012K, reserved 1140736K
  class space    used 12754K, capacity 13614K, committed 13696K, reserved 1048576K
}
Event: 20.012 GC heap after
{Heap after GC invocations=21 (full 0):
 garbage-first heap   total 336896K, used 146772K [0x0000000080000000, 0x0000000100000000)
  region size 1024K, 21 young (21504K), 21 survivors (21504K)
 Metaspace       used 101409K, capacity 103726K, committed 104012K, reserved 1140736K
  class space    used 12754K, capacity 13614K, committed 13696K, reserved 1048576K
}
Event: 21.320 GC heap before
{Heap before GC invocations=21 (full 0):
 garbage-first heap   total 336896K, used 262484K [0x0000000080000000, 0x0000000100000000)
  region size 1024K, 134 young (137216K), 21 survivors (21504K)
 Metaspace       used 104567K, capacity 107048K, committed 107212K, reserved 1142784K
  class space    used 13304K, capacity 14222K, committed 14336K, reserved 1048576K
}
Event: 21.449 GC heap after
{Heap after GC invocations=22 (full 0):
 garbage-first heap   total 336896K, used 190464K [0x0000000080000000, 0x0000000100000000)
  region size 1024K, 17 young (17408K), 17 survivors (17408K)
 Metaspace       used 104567K, capacity 107048K, committed 107212K, reserved 1142784K
  class space    used 13304K, capacity 14222K, committed 14336K, reserved 1048576K
}
Event: 21.531 GC heap before
{Heap before GC invocations=22 (full 0):
 garbage-first heap   total 336896K, used 194560K [0x0000000080000000, 0x0000000100000000)
  region size 1024K, 22 young (22528K), 17 survivors (17408K)
 Metaspace       used 104569K, capacity 107050K, committed 107212K, reserved 1142784K
  class space    used 13305K, capacity 14223K, committed 14336K, reserved 1048576K
}
Event: 21.591 GC heap after
{Heap after GC invocations=23 (full 0):
 garbage-first heap   total 336896K, used 195072K [0x0000000080000000, 0x0000000100000000)
  region size 1024K, 4 young (4096K), 4 survivors (4096K)
 Metaspace       used 104569K, capacity 107050K, committed 107212K, reserved 1142784K
  class space    used 13305K, capacity 14223K, committed 14336K, reserved 1048576K
}
Event: 22.677 GC heap before
{Heap before GC invocations=24 (full 0):
 garbage-first heap   total 336896K, used 237056K [0x0000000080000000, 0x0000000100000000)
  region size 1024K, 50 young (51200K), 4 survivors (4096K)
 Metaspace       used 107545K, capacity 110198K, committed 110540K, reserved 1144832K
  class space    used 13712K, capacity 14723K, committed 14848K, reserved 1048576K
}
Event: 22.697 GC heap after
{Heap after GC invocations=25 (full 0):
 garbage-first heap   total 336896K, used 195072K [0x0000000080000000, 0x0000000100000000)
  region size 1024K, 7 young (7168K), 7 survivors (7168K)
 Metaspace       used 107545K, capacity 110198K, committed 110540K, reserved 1144832K
  class space    used 13712K, capacity 14723K, committed 14848K, reserved 1048576K
}

