# JRE version: OpenJDK Runtime Environment (11.0.12+7) (build 11.0.12+7-b1504.28-7817840)
# Java VM: OpenJDK 64-Bit Server VM (11.0.12+7-b1504.28-7817840, mixed mode, tiered, compressed oops, g1 gc, windows-amd64)
Heap:
 garbage-first heap   total 336896K, used 216603K [0x0000000080000000, 0x0000000100000000)
  region size 1024K, 63 young (64512K), 3 survivors (3072K)
 Metaspace       used 131192K, capacity 134730K, committed 134860K, reserved 1167360K
  class space    used 16442K, capacity 17747K, committed 17868K, reserved 1048576K
GC Heap History (20 events):
Event: 57.116 GC heap before
{Heap before GC invocations=40 (full 0):
 garbage-first heap   total 233472K, used 197855K [0x0000000080000000, 0x0000000100000000)
  region size 1024K, 16 young (16384K), 1 survivors (1024K)
 Metaspace       used 115057K, capacity 118111K, committed 118348K, reserved 1153024K
  class space    used 14473K, capacity 15583K, committed 15692K, reserved 1048576K
}
Event: 57.124 GC heap after
{Heap after GC invocations=41 (full 0):
 garbage-first heap   total 233472K, used 185542K [0x0000000080000000, 0x0000000100000000)
  region size 1024K, 2 young (2048K), 2 survivors (2048K)
 Metaspace       used 115057K, capacity 118111K, committed 118348K, reserved 1153024K
  class space    used 14473K, capacity 15583K, committed 15692K, reserved 1048576K
}
Event: 57.536 GC heap before
{Heap before GC invocations=42 (full 0):
 garbage-first heap   total 233472K, used 176326K [0x0000000080000000, 0x0000000100000000)
  region size 1024K, 16 young (16384K), 2 survivors (2048K)
 Metaspace       used 116567K, capacity 119624K, committed 119756K, reserved 1153024K
  class space    used 14631K, capacity 15746K, committed 15820K, reserved 1048576K
}
Event: 57.544 GC heap after
{Heap after GC invocations=43 (full 0):
 garbage-first heap   total 233472K, used 165232K [0x0000000080000000, 0x0000000100000000)
  region size 1024K, 2 young (2048K), 2 survivors (2048K)
 Metaspace       used 116567K, capacity 119624K, committed 119756K, reserved 1153024K
  class space    used 14631K, capacity 15746K, committed 15820K, reserved 1048576K
}
Event: 57.697 GC heap before
{Heap before GC invocations=43 (full 0):
 garbage-first heap   total 233472K, used 174448K [0x0000000080000000, 0x0000000100000000)
  region size 1024K, 11 young (11264K), 2 survivors (2048K)
 Metaspace       used 116766K, capacity 119826K, committed 120012K, reserved 1153024K
  class space    used 14645K, capacity 15749K, committed 15820K, reserved 1048576K
}
Event: 57.704 GC heap after
{Heap after GC invocations=44 (full 0):
 garbage-first heap   total 233472K, used 143389K [0x0000000080000000, 0x0000000100000000)
  region size 1024K, 2 young (2048K), 2 survivors (2048K)
 Metaspace       used 116766K, capacity 119826K, committed 120012K, reserved 1153024K
  class space    used 14645K, capacity 15749K, committed 15820K, reserved 1048576K
}
Event: 57.847 GC heap before
{Heap before GC invocations=44 (full 0):
 garbage-first heap   total 233472K, used 151581K [0x0000000080000000, 0x0000000100000000)
  region size 1024K, 11 young (11264K), 2 survivors (2048K)
 Metaspace       used 117229K, capacity 120324K, committed 120524K, reserved 1155072K
  class space    used 14671K, capacity 15787K, committed 15820K, reserved 1048576K
}
Event: 57.855 GC heap after
{Heap after GC invocations=45 (full 0):
 garbage-first heap   total 280576K, used 143170K [0x0000000080000000, 0x0000000100000000)
  region size 1024K, 2 young (2048K), 2 survivors (2048K)
 Metaspace       used 117229K, capacity 120324K, committed 120524K, reserved 1155072K
  class space    used 14671K, capacity 15787K, committed 15820K, reserved 1048576K
}
Event: 58.388 GC heap before
{Heap before GC invocations=45 (full 0):
 garbage-first heap   total 280576K, used 187202K [0x0000000080000000, 0x0000000100000000)
  region size 1024K, 46 young (47104K), 2 survivors (2048K)
 Metaspace       used 118253K, capacity 121416K, committed 121676K, reserved 1155072K
  class space    used 14778K, capacity 15890K, committed 15948K, reserved 1048576K
}
Event: 58.392 GC heap after
{Heap after GC invocations=46 (full 0):
 garbage-first heap   total 280576K, used 142427K [0x0000000080000000, 0x0000000100000000)
  region size 1024K, 1 young (1024K), 1 survivors (1024K)
 Metaspace       used 118253K, capacity 121416K, committed 121676K, reserved 1155072K
  class space    used 14778K, capacity 15890K, committed 15948K, reserved 1048576K
}
Event: 58.790 GC heap before
{Heap before GC invocations=46 (full 0):
 garbage-first heap   total 280576K, used 193627K [0x0000000080000000, 0x0000000100000000)
  region size 1024K, 51 young (52224K), 1 survivors (1024K)
 Metaspace       used 121090K, capacity 124200K, committed 124364K, reserved 1157120K
  class space    used 15132K, capacity 16242K, committed 16332K, reserved 1048576K
}
Event: 58.793 GC heap after
{Heap after GC invocations=47 (full 0):
 garbage-first heap   total 280576K, used 142654K [0x0000000080000000, 0x0000000100000000)
  region size 1024K, 1 young (1024K), 1 survivors (1024K)
 Metaspace       used 121090K, capacity 124200K, committed 124364K, reserved 1157120K
  class space    used 15132K, capacity 16242K, committed 16332K, reserved 1048576K
}
Event: 60.077 GC heap before
{Heap before GC invocations=47 (full 0):
 garbage-first heap   total 280576K, used 197950K [0x0000000080000000, 0x0000000100000000)
  region size 1024K, 56 young (57344K), 1 survivors (1024K)
 Metaspace       used 122143K, capacity 125313K, committed 125516K, reserved 1159168K
  class space    used 15211K, capacity 16348K, committed 16460K, reserved 1048576K
}
Event: 60.087 GC heap after
{Heap after GC invocations=48 (full 0):
 garbage-first heap   total 280576K, used 145536K [0x0000000080000000, 0x0000000100000000)
  region size 1024K, 4 young (4096K), 4 survivors (4096K)
 Metaspace       used 122143K, capacity 125313K, committed 125516K, reserved 1159168K
  class space    used 15211K, capacity 16348K, committed 16460K, reserved 1048576K
}
Event: 60.708 GC heap before
{Heap before GC invocations=48 (full 0):
 garbage-first heap   total 280576K, used 202880K [0x0000000080000000, 0x0000000100000000)
  region size 1024K, 61 young (62464K), 4 survivors (4096K)
 Metaspace       used 123269K, capacity 126476K, committed 126668K, reserved 1159168K
  class space    used 15352K, capacity 16519K, committed 16588K, reserved 1048576K
}
Event: 60.721 GC heap after
{Heap after GC invocations=49 (full 0):
 garbage-first heap   total 280576K, used 147774K [0x0000000080000000, 0x0000000100000000)
  region size 1024K, 6 young (6144K), 6 survivors (6144K)
 Metaspace       used 123269K, capacity 126476K, committed 126668K, reserved 1159168K
  class space    used 15352K, capacity 16519K, committed 16588K, reserved 1048576K
}
Event: 61.352 GC heap before
{Heap before GC invocations=49 (full 0):
 garbage-first heap   total 280576K, used 208190K [0x0000000080000000, 0x0000000100000000)
  region size 1024K, 66 young (67584K), 6 survivors (6144K)
 Metaspace       used 123463K, capacity 126632K, committed 126924K, reserved 1159168K
  class space    used 15364K, capacity 16527K, committed 16588K, reserved 1048576K
}
Event: 61.373 GC heap after
{Heap after GC invocations=50 (full 0):
 garbage-first heap   total 280576K, used 154704K [0x0000000080000000, 0x0000000100000000)
  region size 1024K, 9 young (9216K), 9 survivors (9216K)
 Metaspace       used 123463K, capacity 126632K, committed 126924K, reserved 1159168K
  class space    used 15364K, capacity 16527K, committed 16588K, reserved 1048576K
}
Event: 61.714 GC heap before
{Heap before GC invocations=50 (full 0):
 garbage-first heap   total 280576K, used 214096K [0x0000000080000000, 0x0000000100000000)
  region size 1024K, 68 young (69632K), 9 survivors (9216K)
 Metaspace       used 124425K, capacity 127656K, committed 127820K, reserved 1161216K
  class space    used 15498K, capacity 16652K, committed 16716K, reserved 1048576K
}
Event: 61.730 GC heap after
{Heap after GC invocations=51 (full 0):
 garbage-first heap   total 336896K, used 155163K [0x0000000080000000, 0x0000000100000000)
  region size 1024K, 3 young (3072K), 3 survivors (3072K)
 Metaspace       used 124425K, capacity 127656K, committed 127820K, reserved 1161216K
  class space    used 15498K, capacity 16652K, committed 16716K, reserved 1048576K
}

